<?xml version="1.0" encoding="UTF-8"?>
<testng-results skipped="0" failed="0" total="1" passed="1">
  <reporter-output>
  </reporter-output>
  <suite name="Default suite" duration-ms="28026" started-at="2020-07-13T03:19:18Z" finished-at="2020-07-13T03:19:46Z">
    <groups>
    </groups>
    <test name="Default test" duration-ms="28026" started-at="2020-07-13T03:19:18Z" finished-at="2020-07-13T03:19:46Z">
      <class name="mobileTest.signIn">
        <test-method status="PASS" signature="reportSetup()[pri:0, instance:mobileTest.signIn@2133814f]" name="reportSetup" is-config="true" duration-ms="445" started-at="2020-07-13T10:19:17Z" finished-at="2020-07-13T10:19:18Z">
          <reporter-output>
          </reporter-output>
        </test-method> <!-- reportSetup -->
        <test-method status="PASS" signature="setup()[pri:0, instance:mobileTest.signIn@2133814f]" name="setup" is-config="true" duration-ms="14833" started-at="2020-07-13T10:19:18Z" finished-at="2020-07-13T10:19:32Z">
          <reporter-output>
          </reporter-output>
        </test-method> <!-- setup -->
        <test-method status="PASS" signature="SignInAccount()[pri:0, instance:mobileTest.signIn@2133814f]" name="SignInAccount" duration-ms="13182" started-at="2020-07-13T10:19:32Z" finished-at="2020-07-13T10:19:46Z">
          <reporter-output>
          </reporter-output>
        </test-method> <!-- SignInAccount -->
        <test-method status="PASS" signature="reportTeardowm()[pri:0, instance:mobileTest.signIn@2133814f]" name="reportTeardowm" is-config="true" duration-ms="1057" started-at="2020-07-13T10:19:46Z" finished-at="2020-07-13T10:19:47Z">
          <reporter-output>
          </reporter-output>
        </test-method> <!-- reportTeardowm -->
      </class> <!-- mobileTest.signIn -->
    </test> <!-- Default test -->
  </suite> <!-- Default suite -->
</testng-results>
